{"C:\\Users\\OLAMI\\OneDrive\\Documents\\Web Development\\Projects\\react\\redditclient\\src\\app\\App.tsx": {"path":"C:\\Users\\OLAMI\\OneDrive\\Documents\\Web Development\\Projects\\react\\redditclient\\src\\app\\App.tsx","statementMap":{"0":{"start":{"line":7,"column":19},"end":{"line":16,"column":1}},"1":{"start":{"line":8,"column":4},"end":{"line":15,"column":10}}},"fnMap":{"0":{"name":"(anonymous_0)","decl":{"start":{"line":7,"column":19},"end":{"line":7,"column":20}},"loc":{"start":{"line":8,"column":4},"end":{"line":15,"column":10}},"line":8}},"branchMap":{},"s":{"0":1,"1":1},"f":{"0":1},"b":{},"_coverageSchema":"1a1c01bbd47fc00a2c39e90264f33305004495a9","hash":"549c0fcc83dccbcb72801b0f7be21a8e4bfb88a4"}
,"C:\\Users\\OLAMI\\OneDrive\\Documents\\Web Development\\Projects\\react\\redditclient\\src\\components\\ComingSoon.tsx": {"path":"C:\\Users\\OLAMI\\OneDrive\\Documents\\Web Development\\Projects\\react\\redditclient\\src\\components\\ComingSoon.tsx","statementMap":{"0":{"start":{"line":4,"column":26},"end":{"line":25,"column":1}},"1":{"start":{"line":5,"column":19},"end":{"line":5,"column":47}},"2":{"start":{"line":7,"column":4},"end":{"line":16,"column":6}},"3":{"start":{"line":8,"column":19},"end":{"line":8,"column":52}},"4":{"start":{"line":9,"column":8},"end":{"line":15,"column":10}},"5":{"start":{"line":18,"column":4},"end":{"line":24,"column":5}}},"fnMap":{"0":{"name":"(anonymous_0)","decl":{"start":{"line":4,"column":26},"end":{"line":4,"column":27}},"loc":{"start":{"line":4,"column":32},"end":{"line":25,"column":1}},"line":4},"1":{"name":"(anonymous_1)","decl":{"start":{"line":7,"column":20},"end":{"line":7,"column":21}},"loc":{"start":{"line":7,"column":26},"end":{"line":16,"column":5}},"line":7}},"branchMap":{},"s":{"0":1,"1":1,"2":1,"3":1,"4":1,"5":1},"f":{"0":1,"1":1},"b":{},"_coverageSchema":"1a1c01bbd47fc00a2c39e90264f33305004495a9","hash":"53bb7aac4dd0b997f3309e5115c09c32fcd48ce3"}
,"C:\\Users\\OLAMI\\OneDrive\\Documents\\Web Development\\Projects\\react\\redditclient\\src\\components\\Header.tsx": {"path":"C:\\Users\\OLAMI\\OneDrive\\Documents\\Web Development\\Projects\\react\\redditclient\\src\\components\\Header.tsx","statementMap":{"0":{"start":{"line":5,"column":22},"end":{"line":41,"column":1}},"1":{"start":{"line":6,"column":19},"end":{"line":6,"column":47}},"2":{"start":{"line":7,"column":20},"end":{"line":7,"column":50}},"3":{"start":{"line":8,"column":20},"end":{"line":8,"column":52}},"4":{"start":{"line":10,"column":4},"end":{"line":25,"column":6}},"5":{"start":{"line":11,"column":19},"end":{"line":11,"column":36}},"6":{"start":{"line":12,"column":8},"end":{"line":14,"column":10}},"7":{"start":{"line":15,"column":8},"end":{"line":19,"column":10}},"8":{"start":{"line":20,"column":8},"end":{"line":24,"column":10}},"9":{"start":{"line":27,"column":4},"end":{"line":40,"column":5}}},"fnMap":{"0":{"name":"(anonymous_0)","decl":{"start":{"line":5,"column":22},"end":{"line":5,"column":23}},"loc":{"start":{"line":5,"column":28},"end":{"line":41,"column":1}},"line":5},"1":{"name":"(anonymous_1)","decl":{"start":{"line":10,"column":20},"end":{"line":10,"column":21}},"loc":{"start":{"line":10,"column":26},"end":{"line":25,"column":5}},"line":10}},"branchMap":{},"s":{"0":2,"1":3,"2":3,"3":3,"4":3,"5":2,"6":2,"7":2,"8":2,"9":3},"f":{"0":3,"1":2},"b":{},"_coverageSchema":"1a1c01bbd47fc00a2c39e90264f33305004495a9","hash":"1e8d14ad281a9a709107283c4640a2639bc6d0f0"}
,"C:\\Users\\OLAMI\\OneDrive\\Documents\\Web Development\\Projects\\react\\redditclient\\src\\components\\Listing.tsx": {"path":"C:\\Users\\OLAMI\\OneDrive\\Documents\\Web Development\\Projects\\react\\redditclient\\src\\components\\Listing.tsx","statementMap":{"0":{"start":{"line":5,"column":23},"end":{"line":35,"column":1}},"1":{"start":{"line":6,"column":23},"end":{"line":6,"column":50}},"2":{"start":{"line":9,"column":21},"end":{"line":9,"column":37}},"3":{"start":{"line":10,"column":20},"end":{"line":10,"column":64}},"4":{"start":{"line":10,"column":44},"end":{"line":10,"column":63}},"5":{"start":{"line":11,"column":26},"end":{"line":17,"column":5}},"6":{"start":{"line":12,"column":8},"end":{"line":16,"column":9}},"7":{"start":{"line":13,"column":29},"end":{"line":13,"column":50}},"8":{"start":{"line":14,"column":12},"end":{"line":14,"column":53}},"9":{"start":{"line":15,"column":12},"end":{"line":15,"column":42}},"10":{"start":{"line":18,"column":30},"end":{"line":23,"column":17}},"11":{"start":{"line":19,"column":8},"end":{"line":22,"column":9}},"12":{"start":{"line":20,"column":30},"end":{"line":20,"column":94}},"13":{"start":{"line":21,"column":12},"end":{"line":21,"column":52}},"14":{"start":{"line":24,"column":4},"end":{"line":26,"column":27}},"15":{"start":{"line":25,"column":8},"end":{"line":25,"column":28}},"16":{"start":{"line":30,"column":4},"end":{"line":34,"column":5}}},"fnMap":{"0":{"name":"(anonymous_0)","decl":{"start":{"line":5,"column":23},"end":{"line":5,"column":24}},"loc":{"start":{"line":5,"column":63},"end":{"line":35,"column":1}},"line":5},"1":{"name":"(anonymous_1)","decl":{"start":{"line":10,"column":35},"end":{"line":10,"column":36}},"loc":{"start":{"line":10,"column":44},"end":{"line":10,"column":63}},"line":10},"2":{"name":"(anonymous_2)","decl":{"start":{"line":11,"column":26},"end":{"line":11,"column":27}},"loc":{"start":{"line":11,"column":32},"end":{"line":17,"column":5}},"line":11},"3":{"name":"(anonymous_3)","decl":{"start":{"line":18,"column":42},"end":{"line":18,"column":43}},"loc":{"start":{"line":18,"column":48},"end":{"line":23,"column":5}},"line":18},"4":{"name":"(anonymous_4)","decl":{"start":{"line":24,"column":20},"end":{"line":24,"column":21}},"loc":{"start":{"line":24,"column":26},"end":{"line":26,"column":5}},"line":24}},"branchMap":{"0":{"loc":{"start":{"line":12,"column":8},"end":{"line":16,"column":9}},"type":"if","locations":[{"start":{"line":12,"column":8},"end":{"line":16,"column":9}},{"start":{"line":12,"column":8},"end":{"line":16,"column":9}}],"line":12},"1":{"loc":{"start":{"line":12,"column":12},"end":{"line":12,"column":76}},"type":"binary-expr","locations":[{"start":{"line":12,"column":12},"end":{"line":12,"column":39}},{"start":{"line":12,"column":43},"end":{"line":12,"column":76}}],"line":12},"2":{"loc":{"start":{"line":19,"column":8},"end":{"line":22,"column":9}},"type":"if","locations":[{"start":{"line":19,"column":8},"end":{"line":22,"column":9}},{"start":{"line":19,"column":8},"end":{"line":22,"column":9}}],"line":19},"3":{"loc":{"start":{"line":20,"column":30},"end":{"line":20,"column":94}},"type":"cond-expr","locations":[{"start":{"line":20,"column":66},"end":{"line":20,"column":82}},{"start":{"line":20,"column":85},"end":{"line":20,"column":94}}],"line":20}},"s":{"0":4,"1":21,"2":21,"3":21,"4":61,"5":21,"6":2,"7":1,"8":1,"9":1,"10":21,"11":21,"12":21,"13":21,"14":21,"15":21,"16":21},"f":{"0":21,"1":61,"2":2,"3":21,"4":21},"b":{"0":[1,1],"1":[2,2],"2":[21,0],"3":[5,16]},"_coverageSchema":"1a1c01bbd47fc00a2c39e90264f33305004495a9","hash":"1f6063866bdf6694e3f65e21a9241333888d5101"}
,"C:\\Users\\OLAMI\\OneDrive\\Documents\\Web Development\\Projects\\react\\redditclient\\src\\components\\Listings.tsx": {"path":"C:\\Users\\OLAMI\\OneDrive\\Documents\\Web Development\\Projects\\react\\redditclient\\src\\components\\Listings.tsx","statementMap":{"0":{"start":{"line":5,"column":24},"end":{"line":29,"column":1}},"1":{"start":{"line":6,"column":31},"end":{"line":6,"column":87}},"2":{"start":{"line":9,"column":26},"end":{"line":9,"column":54}},"3":{"start":{"line":10,"column":4},"end":{"line":18,"column":10}},"4":{"start":{"line":11,"column":19},"end":{"line":11,"column":36}},"5":{"start":{"line":12,"column":8},"end":{"line":17,"column":10}},"6":{"start":{"line":20,"column":4},"end":{"line":28,"column":5}},"7":{"start":{"line":24,"column":56},"end":{"line":24,"column":100}}},"fnMap":{"0":{"name":"(anonymous_0)","decl":{"start":{"line":5,"column":24},"end":{"line":5,"column":25}},"loc":{"start":{"line":5,"column":30},"end":{"line":29,"column":1}},"line":5},"1":{"name":"(anonymous_1)","decl":{"start":{"line":10,"column":20},"end":{"line":10,"column":21}},"loc":{"start":{"line":10,"column":26},"end":{"line":18,"column":5}},"line":10},"2":{"name":"(anonymous_2)","decl":{"start":{"line":24,"column":45},"end":{"line":24,"column":46}},"loc":{"start":{"line":24,"column":56},"end":{"line":24,"column":100}},"line":24}},"branchMap":{"0":{"loc":{"start":{"line":24,"column":20},"end":{"line":24,"column":101}},"type":"binary-expr","locations":[{"start":{"line":24,"column":20},"end":{"line":24,"column":28}},{"start":{"line":24,"column":32},"end":{"line":24,"column":101}}],"line":24}},"s":{"0":3,"1":3,"2":3,"3":3,"4":3,"5":3,"6":3,"7":18},"f":{"0":3,"1":3,"2":18},"b":{"0":[3,3]},"_coverageSchema":"1a1c01bbd47fc00a2c39e90264f33305004495a9","hash":"6e63362faede8436339edacf5c583ea90cdc3099"}
,"C:\\Users\\OLAMI\\OneDrive\\Documents\\Web Development\\Projects\\react\\redditclient\\src\\components\\Main.tsx": {"path":"C:\\Users\\OLAMI\\OneDrive\\Documents\\Web Development\\Projects\\react\\redditclient\\src\\components\\Main.tsx","statementMap":{"0":{"start":{"line":3,"column":20},"end":{"line":8,"column":1}},"1":{"start":{"line":4,"column":4},"end":{"line":7,"column":10}}},"fnMap":{"0":{"name":"(anonymous_0)","decl":{"start":{"line":3,"column":20},"end":{"line":3,"column":21}},"loc":{"start":{"line":4,"column":4},"end":{"line":7,"column":10}},"line":4}},"branchMap":{},"s":{"0":2,"1":2},"f":{"0":2},"b":{},"_coverageSchema":"1a1c01bbd47fc00a2c39e90264f33305004495a9","hash":"387868df8f9b2fc34a7d0a53ebca546cb523e601"}
,"C:\\Users\\OLAMI\\OneDrive\\Documents\\Web Development\\Projects\\react\\redditclient\\src\\components\\Modal--Comment.tsx": {"path":"C:\\Users\\OLAMI\\OneDrive\\Documents\\Web Development\\Projects\\react\\redditclient\\src\\components\\Modal--Comment.tsx","statementMap":{"0":{"start":{"line":11,"column":28},"end":{"line":45,"column":1}},"1":{"start":{"line":12,"column":28},"end":{"line":12,"column":56}},"2":{"start":{"line":15,"column":23},"end":{"line":15,"column":84}},"3":{"start":{"line":15,"column":41},"end":{"line":15,"column":84}},"4":{"start":{"line":18,"column":4},"end":{"line":44,"column":5}}},"fnMap":{"0":{"name":"(anonymous_0)","decl":{"start":{"line":11,"column":28},"end":{"line":11,"column":29}},"loc":{"start":{"line":11,"column":76},"end":{"line":45,"column":1}},"line":11},"1":{"name":"(anonymous_1)","decl":{"start":{"line":15,"column":23},"end":{"line":15,"column":24}},"loc":{"start":{"line":15,"column":41},"end":{"line":15,"column":84}},"line":15}},"branchMap":{"0":{"loc":{"start":{"line":15,"column":41},"end":{"line":15,"column":84}},"type":"cond-expr","locations":[{"start":{"line":15,"column":48},"end":{"line":15,"column":77}},{"start":{"line":15,"column":80},"end":{"line":15,"column":84}}],"line":15},"1":{"loc":{"start":{"line":28,"column":45},"end":{"line":28,"column":92}},"type":"cond-expr","locations":[{"start":{"line":28,"column":73},"end":{"line":28,"column":82}},{"start":{"line":28,"column":85},"end":{"line":28,"column":92}}],"line":28},"2":{"loc":{"start":{"line":34,"column":45},"end":{"line":34,"column":89}},"type":"cond-expr","locations":[{"start":{"line":34,"column":69},"end":{"line":34,"column":78}},{"start":{"line":34,"column":81},"end":{"line":34,"column":89}}],"line":34},"3":{"loc":{"start":{"line":40,"column":45},"end":{"line":40,"column":95}},"type":"cond-expr","locations":[{"start":{"line":40,"column":71},"end":{"line":40,"column":82}},{"start":{"line":40,"column":85},"end":{"line":40,"column":95}}],"line":40}},"s":{"0":6,"1":4,"2":4,"3":4,"4":4},"f":{"0":4,"1":4},"b":{"0":[4,0],"1":[3,1],"2":[3,1],"3":[3,1]},"_coverageSchema":"1a1c01bbd47fc00a2c39e90264f33305004495a9","hash":"e60cba0c7d9c982f6051f2122a4b7c5dfcec7cc3"}
,"C:\\Users\\OLAMI\\OneDrive\\Documents\\Web Development\\Projects\\react\\redditclient\\src\\components\\Modal--Comments.tsx": {"path":"C:\\Users\\OLAMI\\OneDrive\\Documents\\Web Development\\Projects\\react\\redditclient\\src\\components\\Modal--Comments.tsx","statementMap":{"0":{"start":{"line":10,"column":29},"end":{"line":26,"column":1}},"1":{"start":{"line":11,"column":25},"end":{"line":11,"column":30}},"2":{"start":{"line":12,"column":4},"end":{"line":25,"column":5}},"3":{"start":{"line":19,"column":76},"end":{"line":19,"column":127}}},"fnMap":{"0":{"name":"(anonymous_0)","decl":{"start":{"line":10,"column":29},"end":{"line":10,"column":30}},"loc":{"start":{"line":10,"column":59},"end":{"line":26,"column":1}},"line":10},"1":{"name":"(anonymous_1)","decl":{"start":{"line":19,"column":54},"end":{"line":19,"column":55}},"loc":{"start":{"line":19,"column":76},"end":{"line":19,"column":127}},"line":19}},"branchMap":{"0":{"loc":{"start":{"line":15,"column":16},"end":{"line":22,"column":67}},"type":"cond-expr","locations":[{"start":{"line":16,"column":20},"end":{"line":21,"column":23}},{"start":{"line":22,"column":20},"end":{"line":22,"column":67}}],"line":15},"1":{"loc":{"start":{"line":19,"column":29},"end":{"line":19,"column":128}},"type":"binary-expr","locations":[{"start":{"line":19,"column":29},"end":{"line":19,"column":37}},{"start":{"line":19,"column":41},"end":{"line":19,"column":128}}],"line":19}},"s":{"0":5,"1":3,"2":3,"3":2},"f":{"0":3,"1":2},"b":{"0":[1,2],"1":[1,1]},"_coverageSchema":"1a1c01bbd47fc00a2c39e90264f33305004495a9","hash":"45cf5325f92704e40464cd477dc9fe6f62b35834"}
,"C:\\Users\\OLAMI\\OneDrive\\Documents\\Web Development\\Projects\\react\\redditclient\\src\\components\\Modal--Post.tsx": {"path":"C:\\Users\\OLAMI\\OneDrive\\Documents\\Web Development\\Projects\\react\\redditclient\\src\\components\\Modal--Post.tsx","statementMap":{"0":{"start":{"line":9,"column":25},"end":{"line":21,"column":1}},"1":{"start":{"line":10,"column":21},"end":{"line":10,"column":26}},"2":{"start":{"line":13,"column":4},"end":{"line":20,"column":5}}},"fnMap":{"0":{"name":"(anonymous_0)","decl":{"start":{"line":9,"column":25},"end":{"line":9,"column":26}},"loc":{"start":{"line":9,"column":51},"end":{"line":21,"column":1}},"line":9}},"branchMap":{},"s":{"0":5,"1":2,"2":2},"f":{"0":2},"b":{},"_coverageSchema":"1a1c01bbd47fc00a2c39e90264f33305004495a9","hash":"570483f81305be3b1561afcd45526d50432a9465"}
,"C:\\Users\\OLAMI\\OneDrive\\Documents\\Web Development\\Projects\\react\\redditclient\\src\\components\\Modal.tsx": {"path":"C:\\Users\\OLAMI\\OneDrive\\Documents\\Web Development\\Projects\\react\\redditclient\\src\\components\\Modal.tsx","statementMap":{"0":{"start":{"line":10,"column":21},"end":{"line":62,"column":1}},"1":{"start":{"line":12,"column":21},"end":{"line":12,"column":49}},"2":{"start":{"line":13,"column":4},"end":{"line":21,"column":10}},"3":{"start":{"line":14,"column":19},"end":{"line":14,"column":36}},"4":{"start":{"line":15,"column":8},"end":{"line":20,"column":10}},"5":{"start":{"line":24,"column":22},"end":{"line":24,"column":80}},"6":{"start":{"line":24,"column":48},"end":{"line":24,"column":79}},"7":{"start":{"line":25,"column":23},"end":{"line":27,"column":5}},"8":{"start":{"line":26,"column":8},"end":{"line":26,"column":41}},"9":{"start":{"line":30,"column":21},"end":{"line":30,"column":37}},"10":{"start":{"line":31,"column":4},"end":{"line":33,"column":29}},"11":{"start":{"line":32,"column":8},"end":{"line":32,"column":47}},"12":{"start":{"line":36,"column":21},"end":{"line":36,"column":78}},"13":{"start":{"line":36,"column":47},"end":{"line":36,"column":77}},"14":{"start":{"line":37,"column":21},"end":{"line":37,"column":78}},"15":{"start":{"line":37,"column":47},"end":{"line":37,"column":77}},"16":{"start":{"line":38,"column":20},"end":{"line":38,"column":76}},"17":{"start":{"line":38,"column":46},"end":{"line":38,"column":75}},"18":{"start":{"line":41,"column":4},"end":{"line":60,"column":59}}},"fnMap":{"0":{"name":"(anonymous_0)","decl":{"start":{"line":10,"column":21},"end":{"line":10,"column":22}},"loc":{"start":{"line":10,"column":27},"end":{"line":62,"column":1}},"line":10},"1":{"name":"(anonymous_1)","decl":{"start":{"line":13,"column":20},"end":{"line":13,"column":21}},"loc":{"start":{"line":13,"column":26},"end":{"line":21,"column":5}},"line":13},"2":{"name":"(anonymous_2)","decl":{"start":{"line":24,"column":37},"end":{"line":24,"column":38}},"loc":{"start":{"line":24,"column":48},"end":{"line":24,"column":79}},"line":24},"3":{"name":"(anonymous_3)","decl":{"start":{"line":25,"column":23},"end":{"line":25,"column":24}},"loc":{"start":{"line":25,"column":29},"end":{"line":27,"column":5}},"line":25},"4":{"name":"(anonymous_4)","decl":{"start":{"line":31,"column":14},"end":{"line":31,"column":15}},"loc":{"start":{"line":31,"column":20},"end":{"line":33,"column":5}},"line":31},"5":{"name":"(anonymous_5)","decl":{"start":{"line":36,"column":36},"end":{"line":36,"column":37}},"loc":{"start":{"line":36,"column":47},"end":{"line":36,"column":77}},"line":36},"6":{"name":"(anonymous_6)","decl":{"start":{"line":37,"column":36},"end":{"line":37,"column":37}},"loc":{"start":{"line":37,"column":47},"end":{"line":37,"column":77}},"line":37},"7":{"name":"(anonymous_7)","decl":{"start":{"line":38,"column":35},"end":{"line":38,"column":36}},"loc":{"start":{"line":38,"column":46},"end":{"line":38,"column":75}},"line":38}},"branchMap":{"0":{"loc":{"start":{"line":47,"column":17},"end":{"line":56,"column":26}},"type":"cond-expr","locations":[{"start":{"line":48,"column":20},"end":{"line":53,"column":26}},{"start":{"line":54,"column":20},"end":{"line":56,"column":26}}],"line":47}},"s":{"0":4,"1":2,"2":2,"3":1,"4":1,"5":2,"6":5,"7":2,"8":1,"9":2,"10":2,"11":1,"12":2,"13":5,"14":2,"15":5,"16":2,"17":5,"18":2},"f":{"0":2,"1":1,"2":5,"3":1,"4":1,"5":5,"6":5,"7":5},"b":{"0":[1,1]},"_coverageSchema":"1a1c01bbd47fc00a2c39e90264f33305004495a9","hash":"0338148819abe6acacae6ae4409356e8f15a299f"}
,"C:\\Users\\OLAMI\\OneDrive\\Documents\\Web Development\\Projects\\react\\redditclient\\src\\components\\Post--Content.tsx": {"path":"C:\\Users\\OLAMI\\OneDrive\\Documents\\Web Development\\Projects\\react\\redditclient\\src\\components\\Post--Content.tsx","statementMap":{"0":{"start":{"line":11,"column":27},"end":{"line":57,"column":1}},"1":{"start":{"line":13,"column":23},"end":{"line":13,"column":84}},"2":{"start":{"line":13,"column":41},"end":{"line":13,"column":84}},"3":{"start":{"line":16,"column":4},"end":{"line":56,"column":5}}},"fnMap":{"0":{"name":"(anonymous_0)","decl":{"start":{"line":11,"column":27},"end":{"line":11,"column":28}},"loc":{"start":{"line":11,"column":61},"end":{"line":57,"column":1}},"line":11},"1":{"name":"(anonymous_1)","decl":{"start":{"line":13,"column":23},"end":{"line":13,"column":24}},"loc":{"start":{"line":13,"column":41},"end":{"line":13,"column":84}},"line":13}},"branchMap":{"0":{"loc":{"start":{"line":13,"column":41},"end":{"line":13,"column":84}},"type":"cond-expr","locations":[{"start":{"line":13,"column":48},"end":{"line":13,"column":77}},{"start":{"line":13,"column":80},"end":{"line":13,"column":84}}],"line":13},"1":{"loc":{"start":{"line":19,"column":13},"end":{"line":21,"column":133}},"type":"cond-expr","locations":[{"start":{"line":19,"column":165},"end":{"line":21,"column":21}},{"start":{"line":21,"column":24},"end":{"line":21,"column":133}}],"line":19},"2":{"loc":{"start":{"line":19,"column":13},"end":{"line":19,"column":162}},"type":"binary-expr","locations":[{"start":{"line":19,"column":13},"end":{"line":19,"column":27}},{"start":{"line":19,"column":31},"end":{"line":19,"column":162}}],"line":19},"3":{"loc":{"start":{"line":21,"column":24},"end":{"line":21,"column":133}},"type":"binary-expr","locations":[{"start":{"line":21,"column":24},"end":{"line":21,"column":38}},{"start":{"line":21,"column":42},"end":{"line":21,"column":77}},{"start":{"line":21,"column":81},"end":{"line":21,"column":133}}],"line":21},"4":{"loc":{"start":{"line":23,"column":16},"end":{"line":26,"column":22}},"type":"binary-expr","locations":[{"start":{"line":23,"column":18},"end":{"line":23,"column":32}},{"start":{"line":23,"column":36},"end":{"line":23,"column":63}},{"start":{"line":23,"column":69},"end":{"line":23,"column":86}},{"start":{"line":23,"column":90},"end":{"line":23,"column":120}},{"start":{"line":23,"column":126},"end":{"line":26,"column":22}}],"line":23},"5":{"loc":{"start":{"line":25,"column":43},"end":{"line":25,"column":78}},"type":"binary-expr","locations":[{"start":{"line":25,"column":43},"end":{"line":25,"column":57}},{"start":{"line":25,"column":61},"end":{"line":25,"column":78}}],"line":25},"6":{"loc":{"start":{"line":29,"column":16},"end":{"line":31,"column":22}},"type":"binary-expr","locations":[{"start":{"line":29,"column":18},"end":{"line":29,"column":33}},{"start":{"line":29,"column":37},"end":{"line":29,"column":65}},{"start":{"line":29,"column":71},"end":{"line":29,"column":89}},{"start":{"line":29,"column":93},"end":{"line":29,"column":118}},{"start":{"line":29,"column":124},"end":{"line":31,"column":22}}],"line":29},"7":{"loc":{"start":{"line":30,"column":21},"end":{"line":30,"column":82}},"type":"binary-expr","locations":[{"start":{"line":30,"column":21},"end":{"line":30,"column":48}},{"start":{"line":30,"column":52},"end":{"line":30,"column":82}}],"line":30},"8":{"loc":{"start":{"line":34,"column":17},"end":{"line":34,"column":95}},"type":"binary-expr","locations":[{"start":{"line":34,"column":17},"end":{"line":34,"column":30}},{"start":{"line":34,"column":34},"end":{"line":34,"column":95}}],"line":34},"9":{"loc":{"start":{"line":39,"column":49},"end":{"line":39,"column":93}},"type":"cond-expr","locations":[{"start":{"line":39,"column":71},"end":{"line":39,"column":81}},{"start":{"line":39,"column":84},"end":{"line":39,"column":93}}],"line":39},"10":{"loc":{"start":{"line":45,"column":49},"end":{"line":45,"column":90}},"type":"cond-expr","locations":[{"start":{"line":45,"column":70},"end":{"line":45,"column":79}},{"start":{"line":45,"column":82},"end":{"line":45,"column":90}}],"line":45},"11":{"loc":{"start":{"line":51,"column":49},"end":{"line":51,"column":96}},"type":"cond-expr","locations":[{"start":{"line":51,"column":72},"end":{"line":51,"column":83}},{"start":{"line":51,"column":86},"end":{"line":51,"column":96}}],"line":51}},"s":{"0":7,"1":5,"2":9,"3":5},"f":{"0":5,"1":9},"b":{"0":[8,1],"1":[4,1],"2":[5,4],"3":[1,0,0],"4":[5,0,5,0,0],"5":[0,0],"6":[5,0,5,0,0],"7":[0,0],"8":[5,4],"9":[4,1],"10":[4,1],"11":[4,1]},"_coverageSchema":"1a1c01bbd47fc00a2c39e90264f33305004495a9","hash":"e8060164e7246025132c6a681bfb56b3fa1b93a0"}
,"C:\\Users\\OLAMI\\OneDrive\\Documents\\Web Development\\Projects\\react\\redditclient\\src\\components\\Post.tsx": {"path":"C:\\Users\\OLAMI\\OneDrive\\Documents\\Web Development\\Projects\\react\\redditclient\\src\\components\\Post.tsx","statementMap":{"0":{"start":{"line":12,"column":20},"end":{"line":88,"column":1}},"1":{"start":{"line":14,"column":19},"end":{"line":14,"column":47}},"2":{"start":{"line":15,"column":4},"end":{"line":23,"column":10}},"3":{"start":{"line":16,"column":19},"end":{"line":16,"column":36}},"4":{"start":{"line":17,"column":8},"end":{"line":22,"column":10}},"5":{"start":{"line":26,"column":21},"end":{"line":26,"column":37}},"6":{"start":{"line":27,"column":20},"end":{"line":27,"column":64}},"7":{"start":{"line":27,"column":44},"end":{"line":27,"column":63}},"8":{"start":{"line":28,"column":29},"end":{"line":28,"column":75}},"9":{"start":{"line":28,"column":53},"end":{"line":28,"column":74}},"10":{"start":{"line":29,"column":29},"end":{"line":29,"column":58}},"11":{"start":{"line":30,"column":33},"end":{"line":35,"column":5}},"12":{"start":{"line":31,"column":8},"end":{"line":34,"column":9}},"13":{"start":{"line":32,"column":33},"end":{"line":32,"column":75}},"14":{"start":{"line":33,"column":12},"end":{"line":33,"column":74}},"15":{"start":{"line":38,"column":20},"end":{"line":38,"column":48}},"16":{"start":{"line":39,"column":28},"end":{"line":46,"column":18}},"17":{"start":{"line":40,"column":8},"end":{"line":45,"column":38}},"18":{"start":{"line":41,"column":12},"end":{"line":44,"column":13}},"19":{"start":{"line":42,"column":16},"end":{"line":42,"column":82}},"20":{"start":{"line":43,"column":16},"end":{"line":43,"column":49}},"21":{"start":{"line":45,"column":22},"end":{"line":45,"column":36}},"22":{"start":{"line":48,"column":4},"end":{"line":54,"column":6}},"23":{"start":{"line":49,"column":22},"end":{"line":49,"column":133}},"24":{"start":{"line":50,"column":8},"end":{"line":50,"column":57}},"25":{"start":{"line":51,"column":8},"end":{"line":53,"column":9}},"26":{"start":{"line":52,"column":12},"end":{"line":52,"column":64}},"27":{"start":{"line":57,"column":4},"end":{"line":87,"column":5}}},"fnMap":{"0":{"name":"(anonymous_0)","decl":{"start":{"line":12,"column":20},"end":{"line":12,"column":21}},"loc":{"start":{"line":12,"column":54},"end":{"line":88,"column":1}},"line":12},"1":{"name":"(anonymous_1)","decl":{"start":{"line":15,"column":20},"end":{"line":15,"column":21}},"loc":{"start":{"line":15,"column":26},"end":{"line":23,"column":5}},"line":15},"2":{"name":"(anonymous_2)","decl":{"start":{"line":27,"column":35},"end":{"line":27,"column":36}},"loc":{"start":{"line":27,"column":44},"end":{"line":27,"column":63}},"line":27},"3":{"name":"(anonymous_3)","decl":{"start":{"line":28,"column":44},"end":{"line":28,"column":45}},"loc":{"start":{"line":28,"column":53},"end":{"line":28,"column":74}},"line":28},"4":{"name":"(anonymous_4)","decl":{"start":{"line":30,"column":33},"end":{"line":30,"column":34}},"loc":{"start":{"line":30,"column":39},"end":{"line":35,"column":5}},"line":30},"5":{"name":"(anonymous_5)","decl":{"start":{"line":39,"column":40},"end":{"line":39,"column":41}},"loc":{"start":{"line":39,"column":46},"end":{"line":46,"column":5}},"line":39},"6":{"name":"(anonymous_6)","decl":{"start":{"line":48,"column":14},"end":{"line":48,"column":15}},"loc":{"start":{"line":48,"column":20},"end":{"line":54,"column":5}},"line":48},"7":{"name":"(anonymous_7)","decl":{"start":{"line":51,"column":15},"end":{"line":51,"column":16}},"loc":{"start":{"line":51,"column":21},"end":{"line":53,"column":9}},"line":51}},"branchMap":{"0":{"loc":{"start":{"line":31,"column":8},"end":{"line":34,"column":9}},"type":"if","locations":[{"start":{"line":31,"column":8},"end":{"line":34,"column":9}},{"start":{"line":31,"column":8},"end":{"line":34,"column":9}}],"line":31},"1":{"loc":{"start":{"line":31,"column":12},"end":{"line":31,"column":112}},"type":"binary-expr","locations":[{"start":{"line":31,"column":12},"end":{"line":31,"column":45}},{"start":{"line":31,"column":49},"end":{"line":31,"column":112}}],"line":31},"2":{"loc":{"start":{"line":33,"column":12},"end":{"line":33,"column":73}},"type":"binary-expr","locations":[{"start":{"line":33,"column":12},"end":{"line":33,"column":24}},{"start":{"line":33,"column":28},"end":{"line":33,"column":73}}],"line":33},"3":{"loc":{"start":{"line":41,"column":12},"end":{"line":44,"column":13}},"type":"if","locations":[{"start":{"line":41,"column":12},"end":{"line":44,"column":13}},{"start":{"line":41,"column":12},"end":{"line":44,"column":13}}],"line":41},"4":{"loc":{"start":{"line":41,"column":16},"end":{"line":41,"column":77}},"type":"binary-expr","locations":[{"start":{"line":41,"column":16},"end":{"line":41,"column":40}},{"start":{"line":41,"column":44},"end":{"line":41,"column":77}}],"line":41},"5":{"loc":{"start":{"line":60,"column":17},"end":{"line":83,"column":26}},"type":"cond-expr","locations":[{"start":{"line":61,"column":20},"end":{"line":72,"column":23}},{"start":{"line":74,"column":20},"end":{"line":83,"column":26}}],"line":60}},"s":{"0":4,"1":2,"2":2,"3":1,"4":1,"5":2,"6":2,"7":4,"8":2,"9":4,"10":2,"11":2,"12":1,"13":1,"14":1,"15":2,"16":2,"17":0,"18":0,"19":0,"20":0,"21":0,"22":2,"23":2,"24":2,"25":2,"26":1,"27":2},"f":{"0":2,"1":1,"2":4,"3":4,"4":1,"5":0,"6":2,"7":1},"b":{"0":[1,0],"1":[1,1],"2":[1,1],"3":[0,0],"4":[0,0],"5":[1,1]},"_coverageSchema":"1a1c01bbd47fc00a2c39e90264f33305004495a9","hash":"eecc2afdf1e19cd5a2153b0ef7d435c5dfc9e141"}
,"C:\\Users\\OLAMI\\OneDrive\\Documents\\Web Development\\Projects\\react\\redditclient\\src\\components\\Posts.tsx": {"path":"C:\\Users\\OLAMI\\OneDrive\\Documents\\Web Development\\Projects\\react\\redditclient\\src\\components\\Posts.tsx","statementMap":{"0":{"start":{"line":8,"column":21},"end":{"line":59,"column":1}},"1":{"start":{"line":10,"column":19},"end":{"line":10,"column":47}},"2":{"start":{"line":11,"column":4},"end":{"line":18,"column":10}},"3":{"start":{"line":12,"column":19},"end":{"line":12,"column":36}},"4":{"start":{"line":13,"column":8},"end":{"line":17,"column":10}},"5":{"start":{"line":21,"column":21},"end":{"line":21,"column":37}},"6":{"start":{"line":22,"column":16},"end":{"line":22,"column":58}},"7":{"start":{"line":22,"column":40},"end":{"line":22,"column":57}},"8":{"start":{"line":23,"column":20},"end":{"line":23,"column":64}},"9":{"start":{"line":23,"column":44},"end":{"line":23,"column":63}},"10":{"start":{"line":24,"column":22},"end":{"line":24,"column":68}},"11":{"start":{"line":24,"column":46},"end":{"line":24,"column":67}},"12":{"start":{"line":25,"column":17},"end":{"line":25,"column":58}},"13":{"start":{"line":25,"column":41},"end":{"line":25,"column":57}},"14":{"start":{"line":26,"column":4},"end":{"line":39,"column":44}},"15":{"start":{"line":27,"column":8},"end":{"line":27,"column":30}},"16":{"start":{"line":28,"column":8},"end":{"line":38,"column":9}},"17":{"start":{"line":29,"column":12},"end":{"line":29,"column":44}},"18":{"start":{"line":31,"column":12},"end":{"line":37,"column":13}},"19":{"start":{"line":32,"column":16},"end":{"line":32,"column":100}},"20":{"start":{"line":33,"column":19},"end":{"line":37,"column":13}},"21":{"start":{"line":34,"column":16},"end":{"line":34,"column":89}},"22":{"start":{"line":35,"column":19},"end":{"line":37,"column":13}},"23":{"start":{"line":36,"column":16},"end":{"line":36,"column":87}},"24":{"start":{"line":42,"column":22},"end":{"line":42,"column":80}},"25":{"start":{"line":42,"column":48},"end":{"line":42,"column":79}},"26":{"start":{"line":45,"column":4},"end":{"line":58,"column":5}},"27":{"start":{"line":50,"column":53},"end":{"line":50,"column":81}}},"fnMap":{"0":{"name":"(anonymous_0)","decl":{"start":{"line":8,"column":21},"end":{"line":8,"column":22}},"loc":{"start":{"line":8,"column":27},"end":{"line":59,"column":1}},"line":8},"1":{"name":"(anonymous_1)","decl":{"start":{"line":11,"column":20},"end":{"line":11,"column":21}},"loc":{"start":{"line":11,"column":26},"end":{"line":18,"column":5}},"line":11},"2":{"name":"(anonymous_2)","decl":{"start":{"line":22,"column":31},"end":{"line":22,"column":32}},"loc":{"start":{"line":22,"column":40},"end":{"line":22,"column":57}},"line":22},"3":{"name":"(anonymous_3)","decl":{"start":{"line":23,"column":35},"end":{"line":23,"column":36}},"loc":{"start":{"line":23,"column":44},"end":{"line":23,"column":63}},"line":23},"4":{"name":"(anonymous_4)","decl":{"start":{"line":24,"column":37},"end":{"line":24,"column":38}},"loc":{"start":{"line":24,"column":46},"end":{"line":24,"column":67}},"line":24},"5":{"name":"(anonymous_5)","decl":{"start":{"line":25,"column":32},"end":{"line":25,"column":33}},"loc":{"start":{"line":25,"column":41},"end":{"line":25,"column":57}},"line":25},"6":{"name":"(anonymous_6)","decl":{"start":{"line":26,"column":14},"end":{"line":26,"column":15}},"loc":{"start":{"line":26,"column":20},"end":{"line":39,"column":5}},"line":26},"7":{"name":"(anonymous_7)","decl":{"start":{"line":42,"column":37},"end":{"line":42,"column":38}},"loc":{"start":{"line":42,"column":48},"end":{"line":42,"column":79}},"line":42},"8":{"name":"(anonymous_8)","decl":{"start":{"line":50,"column":40},"end":{"line":50,"column":41}},"loc":{"start":{"line":50,"column":53},"end":{"line":50,"column":81}},"line":50}},"branchMap":{"0":{"loc":{"start":{"line":28,"column":8},"end":{"line":38,"column":9}},"type":"if","locations":[{"start":{"line":28,"column":8},"end":{"line":38,"column":9}},{"start":{"line":28,"column":8},"end":{"line":38,"column":9}}],"line":28},"1":{"loc":{"start":{"line":28,"column":12},"end":{"line":28,"column":58}},"type":"binary-expr","locations":[{"start":{"line":28,"column":12},"end":{"line":28,"column":32}},{"start":{"line":28,"column":36},"end":{"line":28,"column":58}}],"line":28},"2":{"loc":{"start":{"line":31,"column":12},"end":{"line":37,"column":13}},"type":"if","locations":[{"start":{"line":31,"column":12},"end":{"line":37,"column":13}},{"start":{"line":31,"column":12},"end":{"line":37,"column":13}}],"line":31},"3":{"loc":{"start":{"line":31,"column":16},"end":{"line":31,"column":62}},"type":"binary-expr","locations":[{"start":{"line":31,"column":16},"end":{"line":31,"column":36}},{"start":{"line":31,"column":40},"end":{"line":31,"column":62}}],"line":31},"4":{"loc":{"start":{"line":33,"column":19},"end":{"line":37,"column":13}},"type":"if","locations":[{"start":{"line":33,"column":19},"end":{"line":37,"column":13}},{"start":{"line":33,"column":19},"end":{"line":37,"column":13}}],"line":33},"5":{"loc":{"start":{"line":33,"column":23},"end":{"line":33,"column":69}},"type":"binary-expr","locations":[{"start":{"line":33,"column":23},"end":{"line":33,"column":43}},{"start":{"line":33,"column":47},"end":{"line":33,"column":69}}],"line":33},"6":{"loc":{"start":{"line":35,"column":19},"end":{"line":37,"column":13}},"type":"if","locations":[{"start":{"line":35,"column":19},"end":{"line":37,"column":13}},{"start":{"line":35,"column":19},"end":{"line":37,"column":13}}],"line":35},"7":{"loc":{"start":{"line":35,"column":23},"end":{"line":35,"column":69}},"type":"binary-expr","locations":[{"start":{"line":35,"column":23},"end":{"line":35,"column":43}},{"start":{"line":35,"column":47},"end":{"line":35,"column":69}}],"line":35},"8":{"loc":{"start":{"line":48,"column":17},"end":{"line":48,"column":120}},"type":"binary-expr","locations":[{"start":{"line":48,"column":17},"end":{"line":48,"column":34}},{"start":{"line":48,"column":38},"end":{"line":48,"column":120}}],"line":48},"9":{"loc":{"start":{"line":50,"column":21},"end":{"line":50,"column":82}},"type":"binary-expr","locations":[{"start":{"line":50,"column":21},"end":{"line":50,"column":26}},{"start":{"line":50,"column":30},"end":{"line":50,"column":82}}],"line":50},"10":{"loc":{"start":{"line":52,"column":17},"end":{"line":54,"column":22}},"type":"binary-expr","locations":[{"start":{"line":52,"column":17},"end":{"line":52,"column":34}},{"start":{"line":52,"column":38},"end":{"line":52,"column":56}},{"start":{"line":52,"column":60},"end":{"line":54,"column":22}}],"line":52},"11":{"loc":{"start":{"line":56,"column":13},"end":{"line":56,"column":35}},"type":"binary-expr","locations":[{"start":{"line":56,"column":13},"end":{"line":56,"column":22}},{"start":{"line":56,"column":26},"end":{"line":56,"column":35}}],"line":56}},"s":{"0":3,"1":3,"2":3,"3":3,"4":3,"5":3,"6":3,"7":10,"8":3,"9":10,"10":3,"11":10,"12":3,"13":10,"14":3,"15":3,"16":3,"17":0,"18":3,"19":0,"20":3,"21":0,"22":3,"23":3,"24":3,"25":10,"26":3,"27":0},"f":{"0":3,"1":3,"2":10,"3":10,"4":10,"5":10,"6":3,"7":10,"8":0},"b":{"0":[0,3],"1":[3,0],"2":[0,3],"3":[3,3],"4":[0,3],"5":[3,0],"6":[3,0],"7":[3,3],"8":[3,0],"9":[3,3],"10":[3,0,0],"11":[3,0]},"_coverageSchema":"1a1c01bbd47fc00a2c39e90264f33305004495a9","hash":"fb2420b8ee69397d9b227cd3b0db99f2673385d1"}
,"C:\\Users\\OLAMI\\OneDrive\\Documents\\Web Development\\Projects\\react\\redditclient\\src\\components\\Searchbar.tsx": {"path":"C:\\Users\\OLAMI\\OneDrive\\Documents\\Web Development\\Projects\\react\\redditclient\\src\\components\\Searchbar.tsx","statementMap":{"0":{"start":{"line":5,"column":25},"end":{"line":35,"column":1}},"1":{"start":{"line":7,"column":42},"end":{"line":7,"column":54}},"2":{"start":{"line":10,"column":17},"end":{"line":10,"column":58}},"3":{"start":{"line":10,"column":41},"end":{"line":10,"column":57}},"4":{"start":{"line":11,"column":21},"end":{"line":11,"column":37}},"5":{"start":{"line":12,"column":23},"end":{"line":12,"column":106}},"6":{"start":{"line":12,"column":65},"end":{"line":12,"column":104}},"7":{"start":{"line":13,"column":25},"end":{"line":20,"column":5}},"8":{"start":{"line":14,"column":8},"end":{"line":19,"column":9}},"9":{"start":{"line":15,"column":12},"end":{"line":15,"column":51}},"10":{"start":{"line":16,"column":12},"end":{"line":16,"column":45}},"11":{"start":{"line":17,"column":12},"end":{"line":17,"column":47}},"12":{"start":{"line":18,"column":12},"end":{"line":18,"column":30}},"13":{"start":{"line":23,"column":4},"end":{"line":34,"column":5}},"14":{"start":{"line":24,"column":37},"end":{"line":24,"column":74}}},"fnMap":{"0":{"name":"(anonymous_0)","decl":{"start":{"line":5,"column":25},"end":{"line":5,"column":26}},"loc":{"start":{"line":5,"column":31},"end":{"line":35,"column":1}},"line":5},"1":{"name":"(anonymous_1)","decl":{"start":{"line":10,"column":32},"end":{"line":10,"column":33}},"loc":{"start":{"line":10,"column":41},"end":{"line":10,"column":57}},"line":10},"2":{"name":"(anonymous_2)","decl":{"start":{"line":12,"column":23},"end":{"line":12,"column":24}},"loc":{"start":{"line":12,"column":63},"end":{"line":12,"column":106}},"line":12},"3":{"name":"(anonymous_3)","decl":{"start":{"line":13,"column":25},"end":{"line":13,"column":26}},"loc":{"start":{"line":13,"column":31},"end":{"line":20,"column":5}},"line":13},"4":{"name":"(anonymous_4)","decl":{"start":{"line":24,"column":24},"end":{"line":24,"column":25}},"loc":{"start":{"line":24,"column":37},"end":{"line":24,"column":74}},"line":24}},"branchMap":{"0":{"loc":{"start":{"line":14,"column":8},"end":{"line":19,"column":9}},"type":"if","locations":[{"start":{"line":14,"column":8},"end":{"line":19,"column":9}},{"start":{"line":14,"column":8},"end":{"line":19,"column":9}}],"line":14},"1":{"loc":{"start":{"line":14,"column":12},"end":{"line":14,"column":60}},"type":"binary-expr","locations":[{"start":{"line":14,"column":12},"end":{"line":14,"column":32}},{"start":{"line":14,"column":36},"end":{"line":14,"column":60}}],"line":14},"2":{"loc":{"start":{"line":24,"column":37},"end":{"line":24,"column":74}},"type":"cond-expr","locations":[{"start":{"line":24,"column":55},"end":{"line":24,"column":69}},{"start":{"line":24,"column":72},"end":{"line":24,"column":74}}],"line":24}},"s":{"0":3,"1":7,"2":7,"3":16,"4":7,"5":7,"6":3,"7":7,"8":3,"9":1,"10":1,"11":1,"12":1,"13":7,"14":1},"f":{"0":7,"1":16,"2":3,"3":3,"4":1},"b":{"0":[1,2],"1":[3,1],"2":[1,0]},"_coverageSchema":"1a1c01bbd47fc00a2c39e90264f33305004495a9","hash":"835ff8fb750bd434f620db56512582c0e6c048c7"}
,"C:\\Users\\OLAMI\\OneDrive\\Documents\\Web Development\\Projects\\react\\redditclient\\src\\components\\Sidebar.tsx": {"path":"C:\\Users\\OLAMI\\OneDrive\\Documents\\Web Development\\Projects\\react\\redditclient\\src\\components\\Sidebar.tsx","statementMap":{"0":{"start":{"line":9,"column":23},"end":{"line":68,"column":1}},"1":{"start":{"line":10,"column":19},"end":{"line":10,"column":47}},"2":{"start":{"line":11,"column":20},"end":{"line":11,"column":48}},"3":{"start":{"line":12,"column":4},"end":{"line":26,"column":10}},"4":{"start":{"line":13,"column":19},"end":{"line":13,"column":36}},"5":{"start":{"line":14,"column":8},"end":{"line":19,"column":10}},"6":{"start":{"line":20,"column":8},"end":{"line":25,"column":10}},"7":{"start":{"line":28,"column":27},"end":{"line":34,"column":5}},"8":{"start":{"line":29,"column":27},"end":{"line":29,"column":62}},"9":{"start":{"line":30,"column":8},"end":{"line":33,"column":9}},"10":{"start":{"line":31,"column":12},"end":{"line":31,"column":56}},"11":{"start":{"line":32,"column":12},"end":{"line":32,"column":57}},"12":{"start":{"line":36,"column":28},"end":{"line":42,"column":5}},"13":{"start":{"line":37,"column":21},"end":{"line":37,"column":49}},"14":{"start":{"line":38,"column":8},"end":{"line":41,"column":9}},"15":{"start":{"line":39,"column":12},"end":{"line":39,"column":54}},"16":{"start":{"line":40,"column":12},"end":{"line":40,"column":53}},"17":{"start":{"line":44,"column":22},"end":{"line":44,"column":68}},"18":{"start":{"line":44,"column":46},"end":{"line":44,"column":67}},"19":{"start":{"line":45,"column":20},"end":{"line":45,"column":64}},"20":{"start":{"line":45,"column":44},"end":{"line":45,"column":63}},"21":{"start":{"line":46,"column":17},"end":{"line":46,"column":58}},"22":{"start":{"line":46,"column":41},"end":{"line":46,"column":57}},"23":{"start":{"line":47,"column":22},"end":{"line":47,"column":78}},"24":{"start":{"line":47,"column":46},"end":{"line":47,"column":77}},"25":{"start":{"line":49,"column":4},"end":{"line":51,"column":45}},"26":{"start":{"line":50,"column":8},"end":{"line":50,"column":25}},"27":{"start":{"line":53,"column":4},"end":{"line":67,"column":5}}},"fnMap":{"0":{"name":"(anonymous_0)","decl":{"start":{"line":9,"column":23},"end":{"line":9,"column":24}},"loc":{"start":{"line":9,"column":29},"end":{"line":68,"column":1}},"line":9},"1":{"name":"(anonymous_1)","decl":{"start":{"line":12,"column":20},"end":{"line":12,"column":21}},"loc":{"start":{"line":12,"column":26},"end":{"line":26,"column":5}},"line":12},"2":{"name":"(anonymous_2)","decl":{"start":{"line":28,"column":27},"end":{"line":28,"column":28}},"loc":{"start":{"line":28,"column":33},"end":{"line":34,"column":5}},"line":28},"3":{"name":"(anonymous_3)","decl":{"start":{"line":36,"column":28},"end":{"line":36,"column":29}},"loc":{"start":{"line":36,"column":34},"end":{"line":42,"column":5}},"line":36},"4":{"name":"(anonymous_4)","decl":{"start":{"line":44,"column":37},"end":{"line":44,"column":38}},"loc":{"start":{"line":44,"column":46},"end":{"line":44,"column":67}},"line":44},"5":{"name":"(anonymous_5)","decl":{"start":{"line":45,"column":35},"end":{"line":45,"column":36}},"loc":{"start":{"line":45,"column":44},"end":{"line":45,"column":63}},"line":45},"6":{"name":"(anonymous_6)","decl":{"start":{"line":46,"column":32},"end":{"line":46,"column":33}},"loc":{"start":{"line":46,"column":41},"end":{"line":46,"column":57}},"line":46},"7":{"name":"(anonymous_7)","decl":{"start":{"line":47,"column":37},"end":{"line":47,"column":38}},"loc":{"start":{"line":47,"column":46},"end":{"line":47,"column":77}},"line":47},"8":{"name":"(anonymous_8)","decl":{"start":{"line":49,"column":14},"end":{"line":49,"column":15}},"loc":{"start":{"line":49,"column":20},"end":{"line":51,"column":5}},"line":49}},"branchMap":{"0":{"loc":{"start":{"line":30,"column":8},"end":{"line":33,"column":9}},"type":"if","locations":[{"start":{"line":30,"column":8},"end":{"line":33,"column":9}},{"start":{"line":30,"column":8},"end":{"line":33,"column":9}}],"line":30},"1":{"loc":{"start":{"line":38,"column":8},"end":{"line":41,"column":9}},"type":"if","locations":[{"start":{"line":38,"column":8},"end":{"line":41,"column":9}},{"start":{"line":38,"column":8},"end":{"line":41,"column":9}}],"line":38}},"s":{"0":2,"1":2,"2":2,"3":2,"4":2,"5":2,"6":2,"7":2,"8":0,"9":0,"10":0,"11":0,"12":2,"13":2,"14":2,"15":2,"16":2,"17":2,"18":7,"19":2,"20":7,"21":2,"22":7,"23":2,"24":7,"25":2,"26":2,"27":2},"f":{"0":2,"1":2,"2":0,"3":2,"4":7,"5":7,"6":7,"7":7,"8":2},"b":{"0":[0,0],"1":[2,0]},"_coverageSchema":"1a1c01bbd47fc00a2c39e90264f33305004495a9","hash":"9405d66fb2ec091ec44e11d7b5692b334c092171"}
,"C:\\Users\\OLAMI\\OneDrive\\Documents\\Web Development\\Projects\\react\\redditclient\\src\\components\\Subreddit.tsx": {"path":"C:\\Users\\OLAMI\\OneDrive\\Documents\\Web Development\\Projects\\react\\redditclient\\src\\components\\Subreddit.tsx","statementMap":{"0":{"start":{"line":11,"column":25},"end":{"line":53,"column":1}},"1":{"start":{"line":12,"column":25},"end":{"line":12,"column":30}},"2":{"start":{"line":15,"column":19},"end":{"line":15,"column":46}},"3":{"start":{"line":16,"column":4},"end":{"line":24,"column":10}},"4":{"start":{"line":17,"column":19},"end":{"line":17,"column":36}},"5":{"start":{"line":18,"column":8},"end":{"line":23,"column":10}},"6":{"start":{"line":27,"column":21},"end":{"line":27,"column":37}},"7":{"start":{"line":28,"column":22},"end":{"line":28,"column":68}},"8":{"start":{"line":28,"column":46},"end":{"line":28,"column":67}},"9":{"start":{"line":29,"column":28},"end":{"line":36,"column":5}},"10":{"start":{"line":30,"column":8},"end":{"line":35,"column":9}},"11":{"start":{"line":31,"column":31},"end":{"line":31,"column":48}},"12":{"start":{"line":32,"column":12},"end":{"line":32,"column":57}},"13":{"start":{"line":33,"column":12},"end":{"line":33,"column":42}},"14":{"start":{"line":34,"column":12},"end":{"line":34,"column":45}},"15":{"start":{"line":37,"column":30},"end":{"line":42,"column":19}},"16":{"start":{"line":38,"column":8},"end":{"line":41,"column":9}},"17":{"start":{"line":39,"column":30},"end":{"line":39,"column":96}},"18":{"start":{"line":40,"column":12},"end":{"line":40,"column":48}},"19":{"start":{"line":43,"column":4},"end":{"line":45,"column":27}},"20":{"start":{"line":44,"column":8},"end":{"line":44,"column":28}},"21":{"start":{"line":48,"column":4},"end":{"line":52,"column":5}}},"fnMap":{"0":{"name":"(anonymous_0)","decl":{"start":{"line":11,"column":25},"end":{"line":11,"column":26}},"loc":{"start":{"line":11,"column":51},"end":{"line":53,"column":1}},"line":11},"1":{"name":"(anonymous_1)","decl":{"start":{"line":16,"column":20},"end":{"line":16,"column":21}},"loc":{"start":{"line":16,"column":26},"end":{"line":24,"column":5}},"line":16},"2":{"name":"(anonymous_2)","decl":{"start":{"line":28,"column":37},"end":{"line":28,"column":38}},"loc":{"start":{"line":28,"column":46},"end":{"line":28,"column":67}},"line":28},"3":{"name":"(anonymous_3)","decl":{"start":{"line":29,"column":28},"end":{"line":29,"column":29}},"loc":{"start":{"line":29,"column":34},"end":{"line":36,"column":5}},"line":29},"4":{"name":"(anonymous_4)","decl":{"start":{"line":37,"column":42},"end":{"line":37,"column":43}},"loc":{"start":{"line":37,"column":48},"end":{"line":42,"column":5}},"line":37},"5":{"name":"(anonymous_5)","decl":{"start":{"line":43,"column":20},"end":{"line":43,"column":21}},"loc":{"start":{"line":43,"column":26},"end":{"line":45,"column":5}},"line":43}},"branchMap":{"0":{"loc":{"start":{"line":30,"column":8},"end":{"line":35,"column":9}},"type":"if","locations":[{"start":{"line":30,"column":8},"end":{"line":35,"column":9}},{"start":{"line":30,"column":8},"end":{"line":35,"column":9}}],"line":30},"1":{"loc":{"start":{"line":30,"column":12},"end":{"line":30,"column":70}},"type":"binary-expr","locations":[{"start":{"line":30,"column":12},"end":{"line":30,"column":35}},{"start":{"line":30,"column":39},"end":{"line":30,"column":70}}],"line":30},"2":{"loc":{"start":{"line":38,"column":8},"end":{"line":41,"column":9}},"type":"if","locations":[{"start":{"line":38,"column":8},"end":{"line":41,"column":9}},{"start":{"line":38,"column":8},"end":{"line":41,"column":9}}],"line":38},"3":{"loc":{"start":{"line":39,"column":30},"end":{"line":39,"column":96}},"type":"cond-expr","locations":[{"start":{"line":39,"column":64},"end":{"line":39,"column":82}},{"start":{"line":39,"column":85},"end":{"line":39,"column":96}}],"line":39}},"s":{"0":4,"1":2,"2":2,"3":2,"4":1,"5":1,"6":2,"7":2,"8":6,"9":2,"10":1,"11":1,"12":1,"13":1,"14":1,"15":2,"16":2,"17":2,"18":2,"19":2,"20":2,"21":2},"f":{"0":2,"1":1,"2":6,"3":1,"4":2,"5":2},"b":{"0":[1,0],"1":[1,1],"2":[2,0],"3":[1,1]},"_coverageSchema":"1a1c01bbd47fc00a2c39e90264f33305004495a9","hash":"c6bb8e9df75bd5e48bd31d63da48b3871339f3d2"}
,"C:\\Users\\OLAMI\\OneDrive\\Documents\\Web Development\\Projects\\react\\redditclient\\src\\components\\Subreddits.tsx": {"path":"C:\\Users\\OLAMI\\OneDrive\\Documents\\Web Development\\Projects\\react\\redditclient\\src\\components\\Subreddits.tsx","statementMap":{"0":{"start":{"line":9,"column":26},"end":{"line":49,"column":1}},"1":{"start":{"line":11,"column":19},"end":{"line":11,"column":51}},"2":{"start":{"line":12,"column":4},"end":{"line":21,"column":10}},"3":{"start":{"line":13,"column":19},"end":{"line":13,"column":36}},"4":{"start":{"line":14,"column":8},"end":{"line":20,"column":10}},"5":{"start":{"line":24,"column":23},"end":{"line":24,"column":119}},"6":{"start":{"line":24,"column":96},"end":{"line":24,"column":118}},"7":{"start":{"line":25,"column":21},"end":{"line":25,"column":37}},"8":{"start":{"line":26,"column":26},"end":{"line":28,"column":18}},"9":{"start":{"line":27,"column":8},"end":{"line":27,"column":44}},"10":{"start":{"line":29,"column":4},"end":{"line":31,"column":23}},"11":{"start":{"line":30,"column":8},"end":{"line":30,"column":24}},"12":{"start":{"line":34,"column":22},"end":{"line":34,"column":68}},"13":{"start":{"line":34,"column":46},"end":{"line":34,"column":67}},"14":{"start":{"line":35,"column":28},"end":{"line":37,"column":5}},"15":{"start":{"line":36,"column":8},"end":{"line":36,"column":43}},"16":{"start":{"line":40,"column":4},"end":{"line":48,"column":5}},"17":{"start":{"line":45,"column":59},"end":{"line":45,"column":109}}},"fnMap":{"0":{"name":"(anonymous_0)","decl":{"start":{"line":9,"column":26},"end":{"line":9,"column":27}},"loc":{"start":{"line":9,"column":32},"end":{"line":49,"column":1}},"line":9},"1":{"name":"(anonymous_1)","decl":{"start":{"line":12,"column":20},"end":{"line":12,"column":21}},"loc":{"start":{"line":12,"column":26},"end":{"line":21,"column":5}},"line":12},"2":{"name":"(anonymous_2)","decl":{"start":{"line":24,"column":38},"end":{"line":24,"column":39}},"loc":{"start":{"line":24,"column":96},"end":{"line":24,"column":118}},"line":24},"3":{"name":"(anonymous_3)","decl":{"start":{"line":26,"column":38},"end":{"line":26,"column":39}},"loc":{"start":{"line":26,"column":50},"end":{"line":28,"column":5}},"line":26},"4":{"name":"(anonymous_4)","decl":{"start":{"line":29,"column":14},"end":{"line":29,"column":15}},"loc":{"start":{"line":29,"column":20},"end":{"line":31,"column":5}},"line":29},"5":{"name":"(anonymous_5)","decl":{"start":{"line":34,"column":37},"end":{"line":34,"column":38}},"loc":{"start":{"line":34,"column":46},"end":{"line":34,"column":67}},"line":34},"6":{"name":"(anonymous_6)","decl":{"start":{"line":35,"column":28},"end":{"line":35,"column":29}},"loc":{"start":{"line":35,"column":34},"end":{"line":37,"column":5}},"line":35},"7":{"name":"(anonymous_7)","decl":{"start":{"line":45,"column":46},"end":{"line":45,"column":47}},"loc":{"start":{"line":45,"column":59},"end":{"line":45,"column":109}},"line":45}},"branchMap":{"0":{"loc":{"start":{"line":43,"column":13},"end":{"line":43,"column":197}},"type":"binary-expr","locations":[{"start":{"line":43,"column":13},"end":{"line":43,"column":35}},{"start":{"line":43,"column":39},"end":{"line":43,"column":197}}],"line":43},"1":{"loc":{"start":{"line":45,"column":17},"end":{"line":45,"column":110}},"type":"binary-expr","locations":[{"start":{"line":45,"column":17},"end":{"line":45,"column":27}},{"start":{"line":45,"column":31},"end":{"line":45,"column":110}}],"line":45}},"s":{"0":3,"1":3,"2":3,"3":3,"4":3,"5":3,"6":10,"7":3,"8":3,"9":3,"10":3,"11":3,"12":3,"13":10,"14":3,"15":0,"16":3,"17":0},"f":{"0":3,"1":3,"2":10,"3":3,"4":3,"5":10,"6":0,"7":0},"b":{"0":[3,0],"1":[3,3]},"_coverageSchema":"1a1c01bbd47fc00a2c39e90264f33305004495a9","hash":"45bc1a6a695b4c056acfd284d0784405c2cddf2c"}
}
