{"C:\\Users\\OLAMI\\OneDrive\\Documents\\Web Development\\Projects\\react\\redditclient\\src\\app\\App.tsx": {"path":"C:\\Users\\OLAMI\\OneDrive\\Documents\\Web Development\\Projects\\react\\redditclient\\src\\app\\App.tsx","statementMap":{"0":{"start":{"line":6,"column":19},"end":{"line":17,"column":1}},"1":{"start":{"line":7,"column":4},"end":{"line":16,"column":5}}},"fnMap":{"0":{"name":"(anonymous_0)","decl":{"start":{"line":6,"column":19},"end":{"line":6,"column":20}},"loc":{"start":{"line":6,"column":25},"end":{"line":17,"column":1}},"line":6}},"branchMap":{},"s":{"0":1,"1":1},"f":{"0":1},"b":{},"_coverageSchema":"1a1c01bbd47fc00a2c39e90264f33305004495a9","hash":"53f977d65261c19c2a41885256c3059199bef35a"}
,"C:\\Users\\OLAMI\\OneDrive\\Documents\\Web Development\\Projects\\react\\redditclient\\src\\components\\ComingSoon.tsx": {"path":"C:\\Users\\OLAMI\\OneDrive\\Documents\\Web Development\\Projects\\react\\redditclient\\src\\components\\ComingSoon.tsx","statementMap":{"0":{"start":{"line":4,"column":26},"end":{"line":25,"column":1}},"1":{"start":{"line":5,"column":19},"end":{"line":5,"column":47}},"2":{"start":{"line":7,"column":4},"end":{"line":16,"column":6}},"3":{"start":{"line":8,"column":19},"end":{"line":8,"column":52}},"4":{"start":{"line":9,"column":8},"end":{"line":15,"column":10}},"5":{"start":{"line":18,"column":4},"end":{"line":24,"column":5}}},"fnMap":{"0":{"name":"(anonymous_0)","decl":{"start":{"line":4,"column":26},"end":{"line":4,"column":27}},"loc":{"start":{"line":4,"column":32},"end":{"line":25,"column":1}},"line":4},"1":{"name":"(anonymous_1)","decl":{"start":{"line":7,"column":20},"end":{"line":7,"column":21}},"loc":{"start":{"line":7,"column":26},"end":{"line":16,"column":5}},"line":7}},"branchMap":{},"s":{"0":1,"1":1,"2":1,"3":1,"4":1,"5":1},"f":{"0":1,"1":1},"b":{},"_coverageSchema":"1a1c01bbd47fc00a2c39e90264f33305004495a9","hash":"53bb7aac4dd0b997f3309e5115c09c32fcd48ce3"}
,"C:\\Users\\OLAMI\\OneDrive\\Documents\\Web Development\\Projects\\react\\redditclient\\src\\components\\Header.tsx": {"path":"C:\\Users\\OLAMI\\OneDrive\\Documents\\Web Development\\Projects\\react\\redditclient\\src\\components\\Header.tsx","statementMap":{"0":{"start":{"line":5,"column":22},"end":{"line":41,"column":1}},"1":{"start":{"line":6,"column":19},"end":{"line":6,"column":47}},"2":{"start":{"line":7,"column":20},"end":{"line":7,"column":50}},"3":{"start":{"line":8,"column":21},"end":{"line":8,"column":53}},"4":{"start":{"line":10,"column":4},"end":{"line":25,"column":6}},"5":{"start":{"line":11,"column":19},"end":{"line":11,"column":36}},"6":{"start":{"line":12,"column":8},"end":{"line":14,"column":10}},"7":{"start":{"line":15,"column":8},"end":{"line":19,"column":10}},"8":{"start":{"line":20,"column":8},"end":{"line":24,"column":10}},"9":{"start":{"line":27,"column":4},"end":{"line":40,"column":5}}},"fnMap":{"0":{"name":"(anonymous_0)","decl":{"start":{"line":5,"column":22},"end":{"line":5,"column":23}},"loc":{"start":{"line":5,"column":28},"end":{"line":41,"column":1}},"line":5},"1":{"name":"(anonymous_1)","decl":{"start":{"line":10,"column":20},"end":{"line":10,"column":21}},"loc":{"start":{"line":10,"column":26},"end":{"line":25,"column":5}},"line":10}},"branchMap":{},"s":{"0":2,"1":3,"2":3,"3":3,"4":3,"5":2,"6":2,"7":2,"8":2,"9":3},"f":{"0":3,"1":2},"b":{},"_coverageSchema":"1a1c01bbd47fc00a2c39e90264f33305004495a9","hash":"3abd9a457a610622e0a4a234f823f19fea56a138"}
,"C:\\Users\\OLAMI\\OneDrive\\Documents\\Web Development\\Projects\\react\\redditclient\\src\\components\\Modal.tsx": {"path":"C:\\Users\\OLAMI\\OneDrive\\Documents\\Web Development\\Projects\\react\\redditclient\\src\\components\\Modal.tsx","statementMap":{"0":{"start":{"line":1,"column":21},"end":{"line":5,"column":1}},"1":{"start":{"line":2,"column":4},"end":{"line":4,"column":5}}},"fnMap":{"0":{"name":"(anonymous_0)","decl":{"start":{"line":1,"column":21},"end":{"line":1,"column":22}},"loc":{"start":{"line":1,"column":27},"end":{"line":5,"column":1}},"line":1}},"branchMap":{},"s":{"0":0,"1":0},"f":{"0":0},"b":{}}
,"C:\\Users\\OLAMI\\OneDrive\\Documents\\Web Development\\Projects\\react\\redditclient\\src\\components\\ModalContainer.tsx": {"path":"C:\\Users\\OLAMI\\OneDrive\\Documents\\Web Development\\Projects\\react\\redditclient\\src\\components\\ModalContainer.tsx","statementMap":{"0":{"start":{"line":3,"column":30},"end":{"line":9,"column":1}},"1":{"start":{"line":4,"column":4},"end":{"line":8,"column":5}}},"fnMap":{"0":{"name":"(anonymous_0)","decl":{"start":{"line":3,"column":30},"end":{"line":3,"column":31}},"loc":{"start":{"line":3,"column":36},"end":{"line":9,"column":1}},"line":3}},"branchMap":{},"s":{"0":0,"1":0},"f":{"0":0},"b":{}}
,"C:\\Users\\OLAMI\\OneDrive\\Documents\\Web Development\\Projects\\react\\redditclient\\src\\components\\Post.tsx": {"path":"C:\\Users\\OLAMI\\OneDrive\\Documents\\Web Development\\Projects\\react\\redditclient\\src\\components\\Post.tsx","statementMap":{"0":{"start":{"line":16,"column":20},"end":{"line":50,"column":1}},"1":{"start":{"line":17,"column":77},"end":{"line":17,"column":87}},"2":{"start":{"line":19,"column":19},"end":{"line":19,"column":47}},"3":{"start":{"line":21,"column":4},"end":{"line":29,"column":10}},"4":{"start":{"line":22,"column":19},"end":{"line":22,"column":36}},"5":{"start":{"line":23,"column":8},"end":{"line":28,"column":10}},"6":{"start":{"line":31,"column":4},"end":{"line":49,"column":5}},"7":{"start":{"line":51,"column":0},"end":{"line":61,"column":1}}},"fnMap":{"0":{"name":"(anonymous_0)","decl":{"start":{"line":16,"column":20},"end":{"line":16,"column":21}},"loc":{"start":{"line":16,"column":41},"end":{"line":50,"column":1}},"line":16},"1":{"name":"(anonymous_1)","decl":{"start":{"line":21,"column":20},"end":{"line":21,"column":21}},"loc":{"start":{"line":21,"column":26},"end":{"line":29,"column":5}},"line":21}},"branchMap":{},"s":{"0":3,"1":33,"2":33,"3":33,"4":33,"5":33,"6":33,"7":3},"f":{"0":33,"1":33},"b":{},"_coverageSchema":"1a1c01bbd47fc00a2c39e90264f33305004495a9","hash":"5fc13b732cfb3b7534339424010627c16ad82493"}
,"C:\\Users\\OLAMI\\OneDrive\\Documents\\Web Development\\Projects\\react\\redditclient\\src\\components\\Posts.tsx": {"path":"C:\\Users\\OLAMI\\OneDrive\\Documents\\Web Development\\Projects\\react\\redditclient\\src\\components\\Posts.tsx","statementMap":{"0":{"start":{"line":6,"column":13},"end":{"line":14,"column":1}},"1":{"start":{"line":16,"column":21},"end":{"line":38,"column":1}},"2":{"start":{"line":17,"column":19},"end":{"line":17,"column":47}},"3":{"start":{"line":19,"column":4},"end":{"line":27,"column":6}},"4":{"start":{"line":20,"column":19},"end":{"line":20,"column":36}},"5":{"start":{"line":21,"column":8},"end":{"line":26,"column":10}},"6":{"start":{"line":29,"column":18},"end":{"line":29,"column":114}},"7":{"start":{"line":31,"column":4},"end":{"line":37,"column":5}},"8":{"start":{"line":34,"column":49},"end":{"line":34,"column":77}}},"fnMap":{"0":{"name":"(anonymous_0)","decl":{"start":{"line":16,"column":21},"end":{"line":16,"column":22}},"loc":{"start":{"line":16,"column":27},"end":{"line":38,"column":1}},"line":16},"1":{"name":"(anonymous_1)","decl":{"start":{"line":19,"column":20},"end":{"line":19,"column":21}},"loc":{"start":{"line":19,"column":26},"end":{"line":27,"column":5}},"line":19},"2":{"name":"(anonymous_2)","decl":{"start":{"line":34,"column":36},"end":{"line":34,"column":37}},"loc":{"start":{"line":34,"column":49},"end":{"line":34,"column":77}},"line":34}},"branchMap":{"0":{"loc":{"start":{"line":34,"column":17},"end":{"line":34,"column":78}},"type":"binary-expr","locations":[{"start":{"line":34,"column":17},"end":{"line":34,"column":22}},{"start":{"line":34,"column":26},"end":{"line":34,"column":78}}],"line":34}},"s":{"0":2,"1":2,"2":2,"3":2,"4":2,"5":2,"6":2,"7":2,"8":32},"f":{"0":2,"1":2,"2":32},"b":{"0":[2,2]},"_coverageSchema":"1a1c01bbd47fc00a2c39e90264f33305004495a9","hash":"a3168ea20eb8a2614a1512f6a89d518c8fe863bc"}
,"C:\\Users\\OLAMI\\OneDrive\\Documents\\Web Development\\Projects\\react\\redditclient\\src\\components\\Searchbar.tsx": {"path":"C:\\Users\\OLAMI\\OneDrive\\Documents\\Web Development\\Projects\\react\\redditclient\\src\\components\\Searchbar.tsx","statementMap":{"0":{"start":{"line":1,"column":25},"end":{"line":14,"column":1}},"1":{"start":{"line":2,"column":4},"end":{"line":13,"column":5}}},"fnMap":{"0":{"name":"(anonymous_0)","decl":{"start":{"line":1,"column":25},"end":{"line":1,"column":26}},"loc":{"start":{"line":1,"column":31},"end":{"line":14,"column":1}},"line":1}},"branchMap":{},"s":{"0":3,"1":3},"f":{"0":3},"b":{},"_coverageSchema":"1a1c01bbd47fc00a2c39e90264f33305004495a9","hash":"753433baee9655e42e5d37c5bbfda3a83767daa6"}
,"C:\\Users\\OLAMI\\OneDrive\\Documents\\Web Development\\Projects\\react\\redditclient\\src\\components\\Subreddit.tsx": {"path":"C:\\Users\\OLAMI\\OneDrive\\Documents\\Web Development\\Projects\\react\\redditclient\\src\\components\\Subreddit.tsx","statementMap":{"0":{"start":{"line":8,"column":25},"end":{"line":28,"column":1}},"1":{"start":{"line":9,"column":25},"end":{"line":9,"column":30}},"2":{"start":{"line":11,"column":19},"end":{"line":11,"column":46}},"3":{"start":{"line":13,"column":4},"end":{"line":22,"column":6}},"4":{"start":{"line":14,"column":19},"end":{"line":14,"column":36}},"5":{"start":{"line":15,"column":8},"end":{"line":21,"column":10}},"6":{"start":{"line":23,"column":4},"end":{"line":27,"column":5}},"7":{"start":{"line":29,"column":0},"end":{"line":31,"column":1}}},"fnMap":{"0":{"name":"(anonymous_0)","decl":{"start":{"line":8,"column":25},"end":{"line":8,"column":26}},"loc":{"start":{"line":8,"column":51},"end":{"line":28,"column":1}},"line":8},"1":{"name":"(anonymous_1)","decl":{"start":{"line":13,"column":20},"end":{"line":13,"column":21}},"loc":{"start":{"line":13,"column":26},"end":{"line":22,"column":5}},"line":13}},"branchMap":{},"s":{"0":3,"1":43,"2":43,"3":43,"4":43,"5":43,"6":43,"7":3},"f":{"0":43,"1":43},"b":{},"_coverageSchema":"1a1c01bbd47fc00a2c39e90264f33305004495a9","hash":"b971f0de578a92c76b40fb7043bba373b877253d"}
,"C:\\Users\\OLAMI\\OneDrive\\Documents\\Web Development\\Projects\\react\\redditclient\\src\\components\\Subreddits.tsx": {"path":"C:\\Users\\OLAMI\\OneDrive\\Documents\\Web Development\\Projects\\react\\redditclient\\src\\components\\Subreddits.tsx","statementMap":{"0":{"start":{"line":6,"column":26},"end":{"line":43,"column":1}},"1":{"start":{"line":7,"column":33},"end":{"line":7,"column":254}},"2":{"start":{"line":9,"column":19},"end":{"line":9,"column":47}},"3":{"start":{"line":11,"column":19},"end":{"line":11,"column":51}},"4":{"start":{"line":13,"column":4},"end":{"line":28,"column":6}},"5":{"start":{"line":14,"column":19},"end":{"line":14,"column":36}},"6":{"start":{"line":15,"column":8},"end":{"line":20,"column":10}},"7":{"start":{"line":21,"column":8},"end":{"line":27,"column":10}},"8":{"start":{"line":30,"column":4},"end":{"line":42,"column":5}},"9":{"start":{"line":37,"column":67},"end":{"line":37,"column":117}}},"fnMap":{"0":{"name":"(anonymous_0)","decl":{"start":{"line":6,"column":26},"end":{"line":6,"column":27}},"loc":{"start":{"line":6,"column":32},"end":{"line":43,"column":1}},"line":6},"1":{"name":"(anonymous_1)","decl":{"start":{"line":13,"column":20},"end":{"line":13,"column":21}},"loc":{"start":{"line":13,"column":26},"end":{"line":28,"column":5}},"line":13},"2":{"name":"(anonymous_2)","decl":{"start":{"line":37,"column":54},"end":{"line":37,"column":55}},"loc":{"start":{"line":37,"column":67},"end":{"line":37,"column":117}},"line":37}},"branchMap":{"0":{"loc":{"start":{"line":37,"column":25},"end":{"line":37,"column":118}},"type":"binary-expr","locations":[{"start":{"line":37,"column":25},"end":{"line":37,"column":35}},{"start":{"line":37,"column":39},"end":{"line":37,"column":118}}],"line":37}},"s":{"0":2,"1":2,"2":2,"3":2,"4":2,"5":2,"6":2,"7":2,"8":2,"9":42},"f":{"0":2,"1":2,"2":42},"b":{"0":[2,2]},"_coverageSchema":"1a1c01bbd47fc00a2c39e90264f33305004495a9","hash":"00500020bbdd2d278c86e795f5f0fa4d6ee8b96e"}
}
