TN:
SF:src\app\App.tsx
FN:7,(anonymous_0)
FNF:1
FNH:1
FNDA:1,(anonymous_0)
DA:7,1
DA:8,1
LF:2
LH:2
BRF:0
BRH:0
end_of_record
TN:
SF:src\components\ComingSoon.tsx
FN:4,(anonymous_0)
FN:7,(anonymous_1)
FNF:2
FNH:2
FNDA:1,(anonymous_0)
FNDA:1,(anonymous_1)
DA:4,1
DA:5,1
DA:7,1
DA:8,1
DA:9,1
DA:18,1
LF:6
LH:6
BRF:0
BRH:0
end_of_record
TN:
SF:src\components\Header.tsx
FN:5,(anonymous_0)
FN:10,(anonymous_1)
FNF:2
FNH:2
FNDA:3,(anonymous_0)
FNDA:2,(anonymous_1)
DA:5,2
DA:6,3
DA:7,3
DA:8,3
DA:10,3
DA:11,2
DA:12,2
DA:15,2
DA:20,2
DA:27,3
LF:10
LH:10
BRF:0
BRH:0
end_of_record
TN:
SF:src\components\Listing.tsx
FN:5,(anonymous_0)
FN:10,(anonymous_1)
FN:11,(anonymous_2)
FN:18,(anonymous_3)
FN:24,(anonymous_4)
FNF:5
FNH:5
FNDA:21,(anonymous_0)
FNDA:61,(anonymous_1)
FNDA:2,(anonymous_2)
FNDA:21,(anonymous_3)
FNDA:21,(anonymous_4)
DA:5,4
DA:6,21
DA:9,21
DA:10,61
DA:11,21
DA:12,2
DA:13,1
DA:14,1
DA:15,1
DA:18,21
DA:19,21
DA:20,21
DA:21,21
DA:24,21
DA:25,21
DA:30,21
LF:16
LH:16
BRDA:12,0,0,1
BRDA:12,0,1,1
BRDA:12,1,0,2
BRDA:12,1,1,2
BRDA:19,2,0,21
BRDA:19,2,1,0
BRDA:20,3,0,5
BRDA:20,3,1,16
BRF:8
BRH:7
end_of_record
TN:
SF:src\components\Listings.tsx
FN:5,(anonymous_0)
FN:10,(anonymous_1)
FN:24,(anonymous_2)
FNF:3
FNH:3
FNDA:3,(anonymous_0)
FNDA:3,(anonymous_1)
FNDA:18,(anonymous_2)
DA:5,3
DA:6,3
DA:9,3
DA:10,3
DA:11,3
DA:12,3
DA:20,3
DA:24,18
LF:8
LH:8
BRDA:24,0,0,3
BRDA:24,0,1,3
BRF:2
BRH:2
end_of_record
TN:
SF:src\components\Main.tsx
FN:3,(anonymous_0)
FNF:1
FNH:1
FNDA:2,(anonymous_0)
DA:3,2
DA:4,2
LF:2
LH:2
BRF:0
BRH:0
end_of_record
TN:
SF:src\components\Modal--Comment.tsx
FN:11,(anonymous_0)
FN:15,(anonymous_1)
FNF:2
FNH:2
FNDA:4,(anonymous_0)
FNDA:4,(anonymous_1)
DA:11,6
DA:12,4
DA:15,4
DA:18,4
LF:4
LH:4
BRDA:15,0,0,4
BRDA:15,0,1,0
BRDA:28,1,0,3
BRDA:28,1,1,1
BRDA:34,2,0,3
BRDA:34,2,1,1
BRDA:40,3,0,3
BRDA:40,3,1,1
BRF:8
BRH:7
end_of_record
TN:
SF:src\components\Modal--Comments.tsx
FN:10,(anonymous_0)
FN:19,(anonymous_1)
FNF:2
FNH:2
FNDA:3,(anonymous_0)
FNDA:2,(anonymous_1)
DA:10,5
DA:11,3
DA:12,3
DA:19,2
LF:4
LH:4
BRDA:15,0,0,1
BRDA:15,0,1,2
BRDA:19,1,0,1
BRDA:19,1,1,1
BRF:4
BRH:4
end_of_record
TN:
SF:src\components\Modal--Post.tsx
FN:9,(anonymous_0)
FNF:1
FNH:1
FNDA:2,(anonymous_0)
DA:9,5
DA:10,2
DA:13,2
LF:3
LH:3
BRF:0
BRH:0
end_of_record
TN:
SF:src\components\Modal.tsx
FN:10,(anonymous_0)
FN:13,(anonymous_1)
FN:24,(anonymous_2)
FN:25,(anonymous_3)
FN:31,(anonymous_4)
FN:36,(anonymous_5)
FN:37,(anonymous_6)
FN:38,(anonymous_7)
FNF:8
FNH:8
FNDA:2,(anonymous_0)
FNDA:1,(anonymous_1)
FNDA:5,(anonymous_2)
FNDA:1,(anonymous_3)
FNDA:1,(anonymous_4)
FNDA:5,(anonymous_5)
FNDA:5,(anonymous_6)
FNDA:5,(anonymous_7)
DA:10,4
DA:12,2
DA:13,2
DA:14,1
DA:15,1
DA:24,5
DA:25,2
DA:26,1
DA:30,2
DA:31,2
DA:32,1
DA:36,5
DA:37,5
DA:38,5
DA:41,2
LF:15
LH:15
BRDA:47,0,0,1
BRDA:47,0,1,1
BRF:2
BRH:2
end_of_record
TN:
SF:src\components\Post--Content.tsx
FN:11,(anonymous_0)
FN:13,(anonymous_1)
FNF:2
FNH:2
FNDA:5,(anonymous_0)
FNDA:9,(anonymous_1)
DA:11,7
DA:13,9
DA:16,5
LF:3
LH:3
BRDA:13,0,0,8
BRDA:13,0,1,1
BRDA:19,1,0,4
BRDA:19,1,1,1
BRDA:19,2,0,5
BRDA:19,2,1,4
BRDA:21,3,0,1
BRDA:21,3,1,0
BRDA:21,3,2,0
BRDA:23,4,0,5
BRDA:23,4,1,0
BRDA:23,4,2,5
BRDA:23,4,3,0
BRDA:23,4,4,0
BRDA:25,5,0,0
BRDA:25,5,1,0
BRDA:29,6,0,5
BRDA:29,6,1,0
BRDA:29,6,2,5
BRDA:29,6,3,0
BRDA:29,6,4,0
BRDA:30,7,0,0
BRDA:30,7,1,0
BRDA:34,8,0,5
BRDA:34,8,1,4
BRDA:39,9,0,4
BRDA:39,9,1,1
BRDA:45,10,0,4
BRDA:45,10,1,1
BRDA:51,11,0,4
BRDA:51,11,1,1
BRF:31
BRH:19
end_of_record
TN:
SF:src\components\Post.tsx
FN:12,(anonymous_0)
FN:15,(anonymous_1)
FN:27,(anonymous_2)
FN:28,(anonymous_3)
FN:30,(anonymous_4)
FN:39,(anonymous_5)
FN:48,(anonymous_6)
FN:51,(anonymous_7)
FNF:8
FNH:7
FNDA:2,(anonymous_0)
FNDA:1,(anonymous_1)
FNDA:4,(anonymous_2)
FNDA:4,(anonymous_3)
FNDA:1,(anonymous_4)
FNDA:0,(anonymous_5)
FNDA:2,(anonymous_6)
FNDA:1,(anonymous_7)
DA:12,4
DA:14,2
DA:15,2
DA:16,1
DA:17,1
DA:26,2
DA:27,4
DA:28,4
DA:29,2
DA:30,2
DA:31,1
DA:32,1
DA:33,1
DA:38,2
DA:39,2
DA:40,0
DA:41,0
DA:42,0
DA:43,0
DA:45,0
DA:48,2
DA:49,2
DA:50,2
DA:51,2
DA:52,1
DA:57,2
LF:26
LH:21
BRDA:31,0,0,1
BRDA:31,0,1,0
BRDA:31,1,0,1
BRDA:31,1,1,1
BRDA:33,2,0,1
BRDA:33,2,1,1
BRDA:41,3,0,0
BRDA:41,3,1,0
BRDA:41,4,0,0
BRDA:41,4,1,0
BRDA:60,5,0,1
BRDA:60,5,1,1
BRF:12
BRH:7
end_of_record
TN:
SF:src\components\Posts.tsx
FN:8,(anonymous_0)
FN:11,(anonymous_1)
FN:22,(anonymous_2)
FN:23,(anonymous_3)
FN:24,(anonymous_4)
FN:25,(anonymous_5)
FN:26,(anonymous_6)
FN:42,(anonymous_7)
FN:50,(anonymous_8)
FNF:9
FNH:8
FNDA:3,(anonymous_0)
FNDA:3,(anonymous_1)
FNDA:10,(anonymous_2)
FNDA:10,(anonymous_3)
FNDA:10,(anonymous_4)
FNDA:10,(anonymous_5)
FNDA:3,(anonymous_6)
FNDA:10,(anonymous_7)
FNDA:0,(anonymous_8)
DA:8,3
DA:10,3
DA:11,3
DA:12,3
DA:13,3
DA:21,3
DA:22,10
DA:23,10
DA:24,10
DA:25,10
DA:26,3
DA:27,3
DA:28,3
DA:29,0
DA:31,3
DA:32,0
DA:33,3
DA:34,0
DA:35,3
DA:36,3
DA:42,10
DA:45,3
DA:50,0
LF:23
LH:19
BRDA:28,0,0,0
BRDA:28,0,1,3
BRDA:28,1,0,3
BRDA:28,1,1,0
BRDA:31,2,0,0
BRDA:31,2,1,3
BRDA:31,3,0,3
BRDA:31,3,1,3
BRDA:33,4,0,0
BRDA:33,4,1,3
BRDA:33,5,0,3
BRDA:33,5,1,0
BRDA:35,6,0,3
BRDA:35,6,1,0
BRDA:35,7,0,3
BRDA:35,7,1,3
BRDA:48,8,0,3
BRDA:48,8,1,0
BRDA:50,9,0,3
BRDA:50,9,1,3
BRDA:52,10,0,3
BRDA:52,10,1,0
BRDA:52,10,2,0
BRDA:56,11,0,3
BRDA:56,11,1,0
BRF:25
BRH:15
end_of_record
TN:
SF:src\components\Searchbar.tsx
FN:5,(anonymous_0)
FN:10,(anonymous_1)
FN:12,(anonymous_2)
FN:13,(anonymous_3)
FN:24,(anonymous_4)
FNF:5
FNH:5
FNDA:7,(anonymous_0)
FNDA:16,(anonymous_1)
FNDA:3,(anonymous_2)
FNDA:3,(anonymous_3)
FNDA:1,(anonymous_4)
DA:5,3
DA:7,7
DA:10,16
DA:11,7
DA:12,7
DA:13,7
DA:14,3
DA:15,1
DA:16,1
DA:17,1
DA:18,1
DA:23,7
DA:24,1
LF:13
LH:13
BRDA:14,0,0,1
BRDA:14,0,1,2
BRDA:14,1,0,3
BRDA:14,1,1,1
BRDA:24,2,0,1
BRDA:24,2,1,0
BRF:6
BRH:5
end_of_record
TN:
SF:src\components\Sidebar.tsx
FN:9,(anonymous_0)
FN:12,(anonymous_1)
FN:28,(anonymous_2)
FN:36,(anonymous_3)
FN:44,(anonymous_4)
FN:45,(anonymous_5)
FN:46,(anonymous_6)
FN:47,(anonymous_7)
FN:49,(anonymous_8)
FNF:9
FNH:8
FNDA:2,(anonymous_0)
FNDA:2,(anonymous_1)
FNDA:0,(anonymous_2)
FNDA:2,(anonymous_3)
FNDA:7,(anonymous_4)
FNDA:7,(anonymous_5)
FNDA:7,(anonymous_6)
FNDA:7,(anonymous_7)
FNDA:2,(anonymous_8)
DA:9,2
DA:10,2
DA:11,2
DA:12,2
DA:13,2
DA:14,2
DA:20,2
DA:28,2
DA:29,0
DA:30,0
DA:31,0
DA:32,0
DA:36,2
DA:37,2
DA:38,2
DA:39,2
DA:40,2
DA:44,7
DA:45,7
DA:46,7
DA:47,7
DA:49,2
DA:50,2
DA:53,2
LF:24
LH:20
BRDA:30,0,0,0
BRDA:30,0,1,0
BRDA:38,1,0,2
BRDA:38,1,1,0
BRF:4
BRH:1
end_of_record
TN:
SF:src\components\Subreddit.tsx
FN:11,(anonymous_0)
FN:16,(anonymous_1)
FN:28,(anonymous_2)
FN:29,(anonymous_3)
FN:37,(anonymous_4)
FN:43,(anonymous_5)
FNF:6
FNH:6
FNDA:2,(anonymous_0)
FNDA:1,(anonymous_1)
FNDA:6,(anonymous_2)
FNDA:1,(anonymous_3)
FNDA:2,(anonymous_4)
FNDA:2,(anonymous_5)
DA:11,4
DA:12,2
DA:15,2
DA:16,2
DA:17,1
DA:18,1
DA:27,2
DA:28,6
DA:29,2
DA:30,1
DA:31,1
DA:32,1
DA:33,1
DA:34,1
DA:37,2
DA:38,2
DA:39,2
DA:40,2
DA:43,2
DA:44,2
DA:48,2
LF:21
LH:21
BRDA:30,0,0,1
BRDA:30,0,1,0
BRDA:30,1,0,1
BRDA:30,1,1,1
BRDA:38,2,0,2
BRDA:38,2,1,0
BRDA:39,3,0,1
BRDA:39,3,1,1
BRF:8
BRH:6
end_of_record
TN:
SF:src\components\Subreddits.tsx
FN:9,(anonymous_0)
FN:12,(anonymous_1)
FN:24,(anonymous_2)
FN:26,(anonymous_3)
FN:29,(anonymous_4)
FN:34,(anonymous_5)
FN:35,(anonymous_6)
FN:45,(anonymous_7)
FNF:8
FNH:6
FNDA:3,(anonymous_0)
FNDA:3,(anonymous_1)
FNDA:10,(anonymous_2)
FNDA:3,(anonymous_3)
FNDA:3,(anonymous_4)
FNDA:10,(anonymous_5)
FNDA:0,(anonymous_6)
FNDA:0,(anonymous_7)
DA:9,3
DA:11,3
DA:12,3
DA:13,3
DA:14,3
DA:24,10
DA:25,3
DA:26,3
DA:27,3
DA:29,3
DA:30,3
DA:34,10
DA:35,3
DA:36,0
DA:40,3
DA:45,0
LF:16
LH:14
BRDA:43,0,0,3
BRDA:43,0,1,0
BRDA:45,1,0,3
BRDA:45,1,1,3
BRF:4
BRH:3
end_of_record
