TN:
SF:src\app\App.tsx
FN:6,(anonymous_0)
FNF:1
FNH:1
FNDA:1,(anonymous_0)
DA:6,1
DA:7,1
LF:2
LH:2
BRF:0
BRH:0
end_of_record
TN:
SF:src\components\ComingSoon.tsx
FN:4,(anonymous_0)
FN:7,(anonymous_1)
FNF:2
FNH:2
FNDA:1,(anonymous_0)
FNDA:1,(anonymous_1)
DA:4,1
DA:5,1
DA:7,1
DA:8,1
DA:9,1
DA:18,1
LF:6
LH:6
BRF:0
BRH:0
end_of_record
TN:
SF:src\components\Header.tsx
FN:5,(anonymous_0)
FN:10,(anonymous_1)
FNF:2
FNH:2
FNDA:3,(anonymous_0)
FNDA:2,(anonymous_1)
DA:5,2
DA:6,3
DA:7,3
DA:8,3
DA:10,3
DA:11,2
DA:12,2
DA:15,2
DA:20,2
DA:27,3
LF:10
LH:10
BRF:0
BRH:0
end_of_record
TN:
SF:src\components\Modal.tsx
FN:1,(anonymous_0)
FNF:1
FNH:0
FNDA:0,(anonymous_0)
DA:1,0
DA:2,0
LF:2
LH:0
BRF:0
BRH:0
end_of_record
TN:
SF:src\components\ModalContainer.tsx
FN:3,(anonymous_0)
FNF:1
FNH:0
FNDA:0,(anonymous_0)
DA:3,0
DA:4,0
LF:2
LH:0
BRF:0
BRH:0
end_of_record
TN:
SF:src\components\Post.tsx
FN:16,(anonymous_0)
FN:21,(anonymous_1)
FNF:2
FNH:2
FNDA:33,(anonymous_0)
FNDA:33,(anonymous_1)
DA:16,3
DA:17,33
DA:19,33
DA:21,33
DA:22,33
DA:23,33
DA:31,33
DA:51,3
LF:8
LH:8
BRF:0
BRH:0
end_of_record
TN:
SF:src\components\Posts.tsx
FN:16,(anonymous_0)
FN:19,(anonymous_1)
FN:34,(anonymous_2)
FNF:3
FNH:3
FNDA:2,(anonymous_0)
FNDA:2,(anonymous_1)
FNDA:32,(anonymous_2)
DA:6,2
DA:16,2
DA:17,2
DA:19,2
DA:20,2
DA:21,2
DA:29,2
DA:31,2
DA:34,32
LF:9
LH:9
BRDA:34,0,0,2
BRDA:34,0,1,2
BRF:2
BRH:2
end_of_record
TN:
SF:src\components\Searchbar.tsx
FN:1,(anonymous_0)
FNF:1
FNH:1
FNDA:3,(anonymous_0)
DA:1,3
DA:2,3
LF:2
LH:2
BRF:0
BRH:0
end_of_record
TN:
SF:src\components\Subreddit.tsx
FN:8,(anonymous_0)
FN:13,(anonymous_1)
FNF:2
FNH:2
FNDA:43,(anonymous_0)
FNDA:43,(anonymous_1)
DA:8,3
DA:9,43
DA:11,43
DA:13,43
DA:14,43
DA:15,43
DA:23,43
DA:29,3
LF:8
LH:8
BRF:0
BRH:0
end_of_record
TN:
SF:src\components\Subreddits.tsx
FN:6,(anonymous_0)
FN:13,(anonymous_1)
FN:37,(anonymous_2)
FNF:3
FNH:3
FNDA:2,(anonymous_0)
FNDA:2,(anonymous_1)
FNDA:42,(anonymous_2)
DA:6,2
DA:7,2
DA:9,2
DA:11,2
DA:13,2
DA:14,2
DA:15,2
DA:21,2
DA:30,2
DA:37,42
LF:10
LH:10
BRDA:37,0,0,2
BRDA:37,0,1,2
BRF:2
BRH:2
end_of_record
